[2022-03-27 08:55:59,665] {taskinstance.py:1032} INFO - Dependencies all met for <TaskInstance: airflow_dag.ingest_drivers_task manual__2022-03-27T08:55:58.237124+00:00 [queued]>
[2022-03-27 08:55:59,677] {taskinstance.py:1032} INFO - Dependencies all met for <TaskInstance: airflow_dag.ingest_drivers_task manual__2022-03-27T08:55:58.237124+00:00 [queued]>
[2022-03-27 08:55:59,679] {taskinstance.py:1238} INFO - 
--------------------------------------------------------------------------------
[2022-03-27 08:55:59,680] {taskinstance.py:1239} INFO - Starting attempt 1 of 1
[2022-03-27 08:55:59,681] {taskinstance.py:1240} INFO - 
--------------------------------------------------------------------------------
[2022-03-27 08:55:59,700] {taskinstance.py:1259} INFO - Executing <Task(BashOperator): ingest_drivers_task> on 2022-03-27 08:55:58.237124+00:00
[2022-03-27 08:55:59,706] {standard_task_runner.py:52} INFO - Started process 303 to run task
[2022-03-27 08:55:59,717] {standard_task_runner.py:76} INFO - Running: ['***', 'tasks', 'run', '***_dag', 'ingest_drivers_task', 'manual__2022-03-27T08:55:58.237124+00:00', '--job-id', '133', '--raw', '--subdir', 'DAGS_FOLDER/***_dag.py', '--cfg-path', '/tmp/tmpqpuhd8hq', '--error-file', '/tmp/tmpjdtjz7ni']
[2022-03-27 08:55:59,720] {standard_task_runner.py:77} INFO - Job 133: Subtask ingest_drivers_task
[2022-03-27 08:55:59,798] {logging_mixin.py:109} INFO - Running <TaskInstance: ***_dag.ingest_drivers_task manual__2022-03-27T08:55:58.237124+00:00 [running]> on host 072c0d4aaffc
[2022-03-27 08:55:59,874] {taskinstance.py:1426} INFO - Exporting the following env vars:
AIRFLOW_CTX_DAG_OWNER=Sourav Saha
AIRFLOW_CTX_DAG_ID=***_dag
AIRFLOW_CTX_TASK_ID=ingest_drivers_task
AIRFLOW_CTX_EXECUTION_DATE=2022-03-27T08:55:58.237124+00:00
AIRFLOW_CTX_DAG_RUN_ID=manual__2022-03-27T08:55:58.237124+00:00
[2022-03-27 08:55:59,877] {subprocess.py:62} INFO - Tmp dir root location: 
 /tmp
[2022-03-27 08:55:59,878] {subprocess.py:74} INFO - Running command: ['bash', '-c', 'python3 /opt/***/dags/ingest_drivers.py']
[2022-03-27 08:55:59,897] {subprocess.py:85} INFO - Output:
[2022-03-27 08:56:03,585] {subprocess.py:89} INFO - This library only supports credentials from google-auth-library-python. See https://google-auth.readthedocs.io/en/latest/ for help on authentication with this library.
[2022-03-27 08:56:03,790] {subprocess.py:93} INFO - Command exited with return code 0
[2022-03-27 08:56:03,883] {taskinstance.py:1277} INFO - Marking task as SUCCESS. dag_id=***_dag, task_id=ingest_drivers_task, execution_date=20220327T085558, start_date=20220327T085559, end_date=20220327T085603
[2022-03-27 08:56:03,938] {local_task_job.py:154} INFO - Task exited with return code 0
[2022-03-27 08:56:04,005] {local_task_job.py:264} INFO - 1 downstream tasks scheduled from follow-on schedule check
