[2022-02-13 05:11:04,276] {taskinstance.py:1032} INFO - Dependencies all met for <TaskInstance: data_ingestion_gcs_dag.download_dataset_task manual__2022-02-13T05:11:01.332565+00:00 [queued]>
[2022-02-13 05:11:04,287] {taskinstance.py:1032} INFO - Dependencies all met for <TaskInstance: data_ingestion_gcs_dag.download_dataset_task manual__2022-02-13T05:11:01.332565+00:00 [queued]>
[2022-02-13 05:11:04,289] {taskinstance.py:1238} INFO - 
--------------------------------------------------------------------------------
[2022-02-13 05:11:04,289] {taskinstance.py:1239} INFO - Starting attempt 1 of 2
[2022-02-13 05:11:04,291] {taskinstance.py:1240} INFO - 
--------------------------------------------------------------------------------
[2022-02-13 05:11:04,308] {taskinstance.py:1259} INFO - Executing <Task(BashOperator): download_dataset_task> on 2022-02-13 05:11:01.332565+00:00
[2022-02-13 05:11:04,314] {standard_task_runner.py:52} INFO - Started process 6466 to run task
[2022-02-13 05:11:04,324] {standard_task_runner.py:76} INFO - Running: ['***', 'tasks', 'run', 'data_ingestion_gcs_dag', 'download_dataset_task', 'manual__2022-02-13T05:11:01.332565+00:00', '--job-id', '23', '--raw', '--subdir', 'DAGS_FOLDER/data_ingestion_gcs_dag.py', '--cfg-path', '/tmp/tmp10eh6vwc', '--error-file', '/tmp/tmp7v9ox8sb']
[2022-02-13 05:11:04,326] {standard_task_runner.py:77} INFO - Job 23: Subtask download_dataset_task
[2022-02-13 05:11:04,396] {logging_mixin.py:109} INFO - Running <TaskInstance: data_ingestion_gcs_dag.download_dataset_task manual__2022-02-13T05:11:01.332565+00:00 [running]> on host 218d0fbecde4
[2022-02-13 05:11:04,465] {taskinstance.py:1426} INFO - Exporting the following env vars:
AIRFLOW_CTX_DAG_OWNER=***
AIRFLOW_CTX_DAG_ID=data_ingestion_gcs_dag
AIRFLOW_CTX_TASK_ID=download_dataset_task
AIRFLOW_CTX_EXECUTION_DATE=2022-02-13T05:11:01.332565+00:00
AIRFLOW_CTX_DAG_RUN_ID=manual__2022-02-13T05:11:01.332565+00:00
[2022-02-13 05:11:04,468] {subprocess.py:62} INFO - Tmp dir root location: 
 /tmp
[2022-02-13 05:11:04,470] {subprocess.py:74} INFO - Running command: ['bash', '-c', 'curl -sS https://s3.amazonaws.com/nyc-tlc/trip+data/yellow_tripdata_2021-01.csv > /opt/***/yellow_tripdata_2021-01.csv']
[2022-02-13 05:11:04,489] {subprocess.py:85} INFO - Output:
[2022-02-13 05:13:10,247] {subprocess.py:93} INFO - Command exited with return code 0
[2022-02-13 05:13:10,344] {taskinstance.py:1277} INFO - Marking task as SUCCESS. dag_id=data_ingestion_gcs_dag, task_id=download_dataset_task, execution_date=20220213T051101, start_date=20220213T051104, end_date=20220213T051310
[2022-02-13 05:13:10,442] {local_task_job.py:154} INFO - Task exited with return code 0
[2022-02-13 05:13:10,520] {local_task_job.py:264} INFO - 1 downstream tasks scheduled from follow-on schedule check
