[2022-02-13 04:30:43,093] {taskinstance.py:1032} INFO - Dependencies all met for <TaskInstance: data_ingestion_gcs_dag.format_to_parquet_task manual__2022-02-13T04:28:27.898944+00:00 [queued]>
[2022-02-13 04:30:43,116] {taskinstance.py:1032} INFO - Dependencies all met for <TaskInstance: data_ingestion_gcs_dag.format_to_parquet_task manual__2022-02-13T04:28:27.898944+00:00 [queued]>
[2022-02-13 04:30:43,117] {taskinstance.py:1238} INFO - 
--------------------------------------------------------------------------------
[2022-02-13 04:30:43,118] {taskinstance.py:1239} INFO - Starting attempt 1 of 2
[2022-02-13 04:30:43,118] {taskinstance.py:1240} INFO - 
--------------------------------------------------------------------------------
[2022-02-13 04:30:43,141] {taskinstance.py:1259} INFO - Executing <Task(PythonOperator): format_to_parquet_task> on 2022-02-13 04:28:27.898944+00:00
[2022-02-13 04:30:43,151] {standard_task_runner.py:52} INFO - Started process 4768 to run task
[2022-02-13 04:30:43,160] {standard_task_runner.py:76} INFO - Running: ['***', 'tasks', 'run', 'data_ingestion_gcs_dag', 'format_to_parquet_task', 'manual__2022-02-13T04:28:27.898944+00:00', '--job-id', '16', '--raw', '--subdir', 'DAGS_FOLDER/data_ingestion_gcs_dag.py', '--cfg-path', '/tmp/tmpa1a6j6ur', '--error-file', '/tmp/tmpt9f11m2p']
[2022-02-13 04:30:43,161] {standard_task_runner.py:77} INFO - Job 16: Subtask format_to_parquet_task
[2022-02-13 04:30:43,222] {logging_mixin.py:109} INFO - Running <TaskInstance: data_ingestion_gcs_dag.format_to_parquet_task manual__2022-02-13T04:28:27.898944+00:00 [running]> on host 218d0fbecde4
[2022-02-13 04:30:43,293] {taskinstance.py:1426} INFO - Exporting the following env vars:
AIRFLOW_CTX_DAG_OWNER=***
AIRFLOW_CTX_DAG_ID=data_ingestion_gcs_dag
AIRFLOW_CTX_TASK_ID=format_to_parquet_task
AIRFLOW_CTX_EXECUTION_DATE=2022-02-13T04:28:27.898944+00:00
AIRFLOW_CTX_DAG_RUN_ID=manual__2022-02-13T04:28:27.898944+00:00
[2022-02-13 04:30:50,172] {python.py:175} INFO - Done. Returned value was: None
[2022-02-13 04:30:50,207] {taskinstance.py:1277} INFO - Marking task as SUCCESS. dag_id=data_ingestion_gcs_dag, task_id=format_to_parquet_task, execution_date=20220213T042827, start_date=20220213T043043, end_date=20220213T043050
[2022-02-13 04:30:50,731] {local_task_job.py:154} INFO - Task exited with return code 0
[2022-02-13 04:30:50,816] {local_task_job.py:264} INFO - 1 downstream tasks scheduled from follow-on schedule check
