[2022-02-13 05:13:15,369] {taskinstance.py:1032} INFO - Dependencies all met for <TaskInstance: data_ingestion_gcs_dag.format_to_parquet_task manual__2022-02-13T05:11:01.332565+00:00 [queued]>
[2022-02-13 05:13:15,421] {taskinstance.py:1032} INFO - Dependencies all met for <TaskInstance: data_ingestion_gcs_dag.format_to_parquet_task manual__2022-02-13T05:11:01.332565+00:00 [queued]>
[2022-02-13 05:13:15,423] {taskinstance.py:1238} INFO - 
--------------------------------------------------------------------------------
[2022-02-13 05:13:15,424] {taskinstance.py:1239} INFO - Starting attempt 1 of 2
[2022-02-13 05:13:15,426] {taskinstance.py:1240} INFO - 
--------------------------------------------------------------------------------
[2022-02-13 05:13:15,471] {taskinstance.py:1259} INFO - Executing <Task(PythonOperator): format_to_parquet_task> on 2022-02-13 05:11:01.332565+00:00
[2022-02-13 05:13:15,496] {standard_task_runner.py:52} INFO - Started process 6545 to run task
[2022-02-13 05:13:15,514] {standard_task_runner.py:76} INFO - Running: ['***', 'tasks', 'run', 'data_ingestion_gcs_dag', 'format_to_parquet_task', 'manual__2022-02-13T05:11:01.332565+00:00', '--job-id', '24', '--raw', '--subdir', 'DAGS_FOLDER/data_ingestion_gcs_dag.py', '--cfg-path', '/tmp/tmprd41x6om', '--error-file', '/tmp/tmpmtr1pzwx']
[2022-02-13 05:13:15,517] {standard_task_runner.py:77} INFO - Job 24: Subtask format_to_parquet_task
[2022-02-13 05:13:15,656] {logging_mixin.py:109} INFO - Running <TaskInstance: data_ingestion_gcs_dag.format_to_parquet_task manual__2022-02-13T05:11:01.332565+00:00 [running]> on host 218d0fbecde4
[2022-02-13 05:13:16,022] {taskinstance.py:1426} INFO - Exporting the following env vars:
AIRFLOW_CTX_DAG_OWNER=***
AIRFLOW_CTX_DAG_ID=data_ingestion_gcs_dag
AIRFLOW_CTX_TASK_ID=format_to_parquet_task
AIRFLOW_CTX_EXECUTION_DATE=2022-02-13T05:11:01.332565+00:00
AIRFLOW_CTX_DAG_RUN_ID=manual__2022-02-13T05:11:01.332565+00:00
[2022-02-13 05:13:19,236] {python.py:175} INFO - Done. Returned value was: None
[2022-02-13 05:13:19,367] {taskinstance.py:1277} INFO - Marking task as SUCCESS. dag_id=data_ingestion_gcs_dag, task_id=format_to_parquet_task, execution_date=20220213T051101, start_date=20220213T051315, end_date=20220213T051319
[2022-02-13 05:13:19,822] {local_task_job.py:154} INFO - Task exited with return code 0
[2022-02-13 05:13:19,971] {local_task_job.py:264} INFO - 1 downstream tasks scheduled from follow-on schedule check
