[2022-03-27 06:50:26,495] {taskinstance.py:1032} INFO - Dependencies all met for <TaskInstance: airflow_dag.gcs_to_bq_drivers_task manual__2022-03-27T06:50:23.980722+00:00 [queued]>
[2022-03-27 06:50:26,519] {taskinstance.py:1032} INFO - Dependencies all met for <TaskInstance: airflow_dag.gcs_to_bq_drivers_task manual__2022-03-27T06:50:23.980722+00:00 [queued]>
[2022-03-27 06:50:26,521] {taskinstance.py:1238} INFO - 
--------------------------------------------------------------------------------
[2022-03-27 06:50:26,522] {taskinstance.py:1239} INFO - Starting attempt 1 of 1
[2022-03-27 06:50:26,524] {taskinstance.py:1240} INFO - 
--------------------------------------------------------------------------------
[2022-03-27 06:50:26,545] {taskinstance.py:1259} INFO - Executing <Task(BashOperator): gcs_to_bq_drivers_task> on 2022-03-27 06:50:23.980722+00:00
[2022-03-27 06:50:26,554] {standard_task_runner.py:52} INFO - Started process 182 to run task
[2022-03-27 06:50:26,560] {standard_task_runner.py:76} INFO - Running: ['***', 'tasks', 'run', '***_dag', 'gcs_to_bq_drivers_task', 'manual__2022-03-27T06:50:23.980722+00:00', '--job-id', '114', '--raw', '--subdir', 'DAGS_FOLDER/***_dag.py', '--cfg-path', '/tmp/tmpmu7mtweh', '--error-file', '/tmp/tmpcssvjii_']
[2022-03-27 06:50:26,570] {standard_task_runner.py:77} INFO - Job 114: Subtask gcs_to_bq_drivers_task
[2022-03-27 06:50:26,646] {logging_mixin.py:109} INFO - Running <TaskInstance: ***_dag.gcs_to_bq_drivers_task manual__2022-03-27T06:50:23.980722+00:00 [running]> on host d05ac524649c
[2022-03-27 06:50:26,713] {taskinstance.py:1426} INFO - Exporting the following env vars:
AIRFLOW_CTX_DAG_OWNER=Sourav Saha
AIRFLOW_CTX_DAG_ID=***_dag
AIRFLOW_CTX_TASK_ID=gcs_to_bq_drivers_task
AIRFLOW_CTX_EXECUTION_DATE=2022-03-27T06:50:23.980722+00:00
AIRFLOW_CTX_DAG_RUN_ID=manual__2022-03-27T06:50:23.980722+00:00
[2022-03-27 06:50:26,717] {subprocess.py:62} INFO - Tmp dir root location: 
 /tmp
[2022-03-27 06:50:26,718] {subprocess.py:74} INFO - Running command: ['bash', '-c', 'python3 /opt/***/dags/hello_world2.py']
[2022-03-27 06:50:26,737] {subprocess.py:85} INFO - Output:
[2022-03-27 06:50:27,013] {subprocess.py:89} INFO - hello world2
[2022-03-27 06:50:27,022] {subprocess.py:93} INFO - Command exited with return code 0
[2022-03-27 06:50:27,251] {taskinstance.py:1277} INFO - Marking task as SUCCESS. dag_id=***_dag, task_id=gcs_to_bq_drivers_task, execution_date=20220327T065023, start_date=20220327T065026, end_date=20220327T065027
[2022-03-27 06:50:27,305] {local_task_job.py:154} INFO - Task exited with return code 0
[2022-03-27 06:50:27,541] {local_task_job.py:264} INFO - 0 downstream tasks scheduled from follow-on schedule check
