[2022-03-27 06:50:25,169] {taskinstance.py:1032} INFO - Dependencies all met for <TaskInstance: airflow_dag.ingest_drivers_task manual__2022-03-27T06:50:23.980722+00:00 [queued]>
[2022-03-27 06:50:25,191] {taskinstance.py:1032} INFO - Dependencies all met for <TaskInstance: airflow_dag.ingest_drivers_task manual__2022-03-27T06:50:23.980722+00:00 [queued]>
[2022-03-27 06:50:25,192] {taskinstance.py:1238} INFO - 
--------------------------------------------------------------------------------
[2022-03-27 06:50:25,194] {taskinstance.py:1239} INFO - Starting attempt 1 of 1
[2022-03-27 06:50:25,196] {taskinstance.py:1240} INFO - 
--------------------------------------------------------------------------------
[2022-03-27 06:50:25,227] {taskinstance.py:1259} INFO - Executing <Task(BashOperator): ingest_drivers_task> on 2022-03-27 06:50:23.980722+00:00
[2022-03-27 06:50:25,235] {standard_task_runner.py:52} INFO - Started process 179 to run task
[2022-03-27 06:50:25,246] {standard_task_runner.py:76} INFO - Running: ['***', 'tasks', 'run', '***_dag', 'ingest_drivers_task', 'manual__2022-03-27T06:50:23.980722+00:00', '--job-id', '113', '--raw', '--subdir', 'DAGS_FOLDER/***_dag.py', '--cfg-path', '/tmp/tmp8hv9256t', '--error-file', '/tmp/tmphscps98u']
[2022-03-27 06:50:25,248] {standard_task_runner.py:77} INFO - Job 113: Subtask ingest_drivers_task
[2022-03-27 06:50:25,334] {logging_mixin.py:109} INFO - Running <TaskInstance: ***_dag.ingest_drivers_task manual__2022-03-27T06:50:23.980722+00:00 [running]> on host d05ac524649c
[2022-03-27 06:50:25,433] {taskinstance.py:1426} INFO - Exporting the following env vars:
AIRFLOW_CTX_DAG_OWNER=Sourav Saha
AIRFLOW_CTX_DAG_ID=***_dag
AIRFLOW_CTX_TASK_ID=ingest_drivers_task
AIRFLOW_CTX_EXECUTION_DATE=2022-03-27T06:50:23.980722+00:00
AIRFLOW_CTX_DAG_RUN_ID=manual__2022-03-27T06:50:23.980722+00:00
[2022-03-27 06:50:25,436] {subprocess.py:62} INFO - Tmp dir root location: 
 /tmp
[2022-03-27 06:50:25,439] {subprocess.py:74} INFO - Running command: ['bash', '-c', 'python3 /opt/***/dags/hello_world1.py']
[2022-03-27 06:50:25,457] {subprocess.py:85} INFO - Output:
[2022-03-27 06:50:25,578] {subprocess.py:89} INFO - hello world1
[2022-03-27 06:50:25,582] {subprocess.py:93} INFO - Command exited with return code 0
[2022-03-27 06:50:25,644] {taskinstance.py:1277} INFO - Marking task as SUCCESS. dag_id=***_dag, task_id=ingest_drivers_task, execution_date=20220327T065023, start_date=20220327T065025, end_date=20220327T065025
[2022-03-27 06:50:25,910] {local_task_job.py:154} INFO - Task exited with return code 0
[2022-03-27 06:50:25,993] {local_task_job.py:264} INFO - 1 downstream tasks scheduled from follow-on schedule check
