[2022-02-13 05:35:12,251] {taskinstance.py:1032} INFO - Dependencies all met for <TaskInstance: data_ingestion_gcs_dag.local_to_gcs_task manual__2022-02-13T05:32:50.479450+00:00 [queued]>
[2022-02-13 05:35:12,264] {taskinstance.py:1032} INFO - Dependencies all met for <TaskInstance: data_ingestion_gcs_dag.local_to_gcs_task manual__2022-02-13T05:32:50.479450+00:00 [queued]>
[2022-02-13 05:35:12,265] {taskinstance.py:1238} INFO - 
--------------------------------------------------------------------------------
[2022-02-13 05:35:12,266] {taskinstance.py:1239} INFO - Starting attempt 1 of 2
[2022-02-13 05:35:12,267] {taskinstance.py:1240} INFO - 
--------------------------------------------------------------------------------
[2022-02-13 05:35:12,293] {taskinstance.py:1259} INFO - Executing <Task(PythonOperator): local_to_gcs_task> on 2022-02-13 05:32:50.479450+00:00
[2022-02-13 05:35:12,300] {standard_task_runner.py:52} INFO - Started process 327 to run task
[2022-02-13 05:35:12,328] {standard_task_runner.py:76} INFO - Running: ['***', 'tasks', 'run', 'data_ingestion_gcs_dag', 'local_to_gcs_task', 'manual__2022-02-13T05:32:50.479450+00:00', '--job-id', '33', '--raw', '--subdir', 'DAGS_FOLDER/data_ingestion_gcs_dag.py', '--cfg-path', '/tmp/tmpf69rmrjw', '--error-file', '/tmp/tmpmgjtqx19']
[2022-02-13 05:35:12,340] {standard_task_runner.py:77} INFO - Job 33: Subtask local_to_gcs_task
[2022-02-13 05:35:12,505] {logging_mixin.py:109} INFO - Running <TaskInstance: data_ingestion_gcs_dag.local_to_gcs_task manual__2022-02-13T05:32:50.479450+00:00 [running]> on host b3b0a6764cf4
[2022-02-13 05:35:12,810] {taskinstance.py:1426} INFO - Exporting the following env vars:
AIRFLOW_CTX_DAG_OWNER=***
AIRFLOW_CTX_DAG_ID=data_ingestion_gcs_dag
AIRFLOW_CTX_TASK_ID=local_to_gcs_task
AIRFLOW_CTX_EXECUTION_DATE=2022-02-13T05:32:50.479450+00:00
AIRFLOW_CTX_DAG_RUN_ID=manual__2022-02-13T05:32:50.479450+00:00
[2022-02-13 05:35:28,487] {python.py:175} INFO - Done. Returned value was: None
[2022-02-13 05:35:28,501] {taskinstance.py:1277} INFO - Marking task as SUCCESS. dag_id=data_ingestion_gcs_dag, task_id=local_to_gcs_task, execution_date=20220213T053250, start_date=20220213T053512, end_date=20220213T053528
[2022-02-13 05:35:28,543] {local_task_job.py:154} INFO - Task exited with return code 0
[2022-02-13 05:35:28,579] {local_task_job.py:264} INFO - 1 downstream tasks scheduled from follow-on schedule check
