[2022-02-13 05:35:01,629] {taskinstance.py:1032} INFO - Dependencies all met for <TaskInstance: data_ingestion_gcs_dag.format_to_parquet_task manual__2022-02-13T05:32:50.479450+00:00 [queued]>
[2022-02-13 05:35:01,640] {taskinstance.py:1032} INFO - Dependencies all met for <TaskInstance: data_ingestion_gcs_dag.format_to_parquet_task manual__2022-02-13T05:32:50.479450+00:00 [queued]>
[2022-02-13 05:35:01,641] {taskinstance.py:1238} INFO - 
--------------------------------------------------------------------------------
[2022-02-13 05:35:01,642] {taskinstance.py:1239} INFO - Starting attempt 1 of 2
[2022-02-13 05:35:01,642] {taskinstance.py:1240} INFO - 
--------------------------------------------------------------------------------
[2022-02-13 05:35:01,656] {taskinstance.py:1259} INFO - Executing <Task(PythonOperator): format_to_parquet_task> on 2022-02-13 05:32:50.479450+00:00
[2022-02-13 05:35:01,667] {standard_task_runner.py:52} INFO - Started process 312 to run task
[2022-02-13 05:35:01,695] {standard_task_runner.py:76} INFO - Running: ['***', 'tasks', 'run', 'data_ingestion_gcs_dag', 'format_to_parquet_task', 'manual__2022-02-13T05:32:50.479450+00:00', '--job-id', '32', '--raw', '--subdir', 'DAGS_FOLDER/data_ingestion_gcs_dag.py', '--cfg-path', '/tmp/tmpf9lajp1x', '--error-file', '/tmp/tmpgcrxx8m_']
[2022-02-13 05:35:01,699] {standard_task_runner.py:77} INFO - Job 32: Subtask format_to_parquet_task
[2022-02-13 05:35:01,786] {logging_mixin.py:109} INFO - Running <TaskInstance: data_ingestion_gcs_dag.format_to_parquet_task manual__2022-02-13T05:32:50.479450+00:00 [running]> on host b3b0a6764cf4
[2022-02-13 05:35:01,861] {taskinstance.py:1426} INFO - Exporting the following env vars:
AIRFLOW_CTX_DAG_OWNER=***
AIRFLOW_CTX_DAG_ID=data_ingestion_gcs_dag
AIRFLOW_CTX_TASK_ID=format_to_parquet_task
AIRFLOW_CTX_EXECUTION_DATE=2022-02-13T05:32:50.479450+00:00
AIRFLOW_CTX_DAG_RUN_ID=manual__2022-02-13T05:32:50.479450+00:00
[2022-02-13 05:35:09,055] {python.py:175} INFO - Done. Returned value was: None
[2022-02-13 05:35:09,102] {taskinstance.py:1277} INFO - Marking task as SUCCESS. dag_id=data_ingestion_gcs_dag, task_id=format_to_parquet_task, execution_date=20220213T053250, start_date=20220213T053501, end_date=20220213T053509
[2022-02-13 05:35:10,010] {local_task_job.py:154} INFO - Task exited with return code 0
[2022-02-13 05:35:10,226] {local_task_job.py:264} INFO - 0 downstream tasks scheduled from follow-on schedule check
