[2022-02-13 04:14:18,391] {taskinstance.py:1032} INFO - Dependencies all met for <TaskInstance: data_ingestion_gcs_dag.format_to_parquet_task manual__2022-02-13T04:12:06.844873+00:00 [queued]>
[2022-02-13 04:14:18,409] {taskinstance.py:1032} INFO - Dependencies all met for <TaskInstance: data_ingestion_gcs_dag.format_to_parquet_task manual__2022-02-13T04:12:06.844873+00:00 [queued]>
[2022-02-13 04:14:18,410] {taskinstance.py:1238} INFO - 
--------------------------------------------------------------------------------
[2022-02-13 04:14:18,411] {taskinstance.py:1239} INFO - Starting attempt 1 of 2
[2022-02-13 04:14:18,411] {taskinstance.py:1240} INFO - 
--------------------------------------------------------------------------------
[2022-02-13 04:14:18,438] {taskinstance.py:1259} INFO - Executing <Task(PythonOperator): format_to_parquet_task> on 2022-02-13 04:12:06.844873+00:00
[2022-02-13 04:14:18,451] {standard_task_runner.py:52} INFO - Started process 4072 to run task
[2022-02-13 04:14:18,471] {standard_task_runner.py:76} INFO - Running: ['***', 'tasks', 'run', 'data_ingestion_gcs_dag', 'format_to_parquet_task', 'manual__2022-02-13T04:12:06.844873+00:00', '--job-id', '12', '--raw', '--subdir', 'DAGS_FOLDER/data_ingestion_gcs_dag.py', '--cfg-path', '/tmp/tmpcv_930mw', '--error-file', '/tmp/tmpv_ohqchk']
[2022-02-13 04:14:18,480] {standard_task_runner.py:77} INFO - Job 12: Subtask format_to_parquet_task
[2022-02-13 04:14:18,612] {logging_mixin.py:109} INFO - Running <TaskInstance: data_ingestion_gcs_dag.format_to_parquet_task manual__2022-02-13T04:12:06.844873+00:00 [running]> on host 218d0fbecde4
[2022-02-13 04:14:18,792] {taskinstance.py:1426} INFO - Exporting the following env vars:
AIRFLOW_CTX_DAG_OWNER=***
AIRFLOW_CTX_DAG_ID=data_ingestion_gcs_dag
AIRFLOW_CTX_TASK_ID=format_to_parquet_task
AIRFLOW_CTX_EXECUTION_DATE=2022-02-13T04:12:06.844873+00:00
AIRFLOW_CTX_DAG_RUN_ID=manual__2022-02-13T04:12:06.844873+00:00
[2022-02-13 04:14:23,180] {python.py:175} INFO - Done. Returned value was: None
[2022-02-13 04:14:23,383] {taskinstance.py:1277} INFO - Marking task as SUCCESS. dag_id=data_ingestion_gcs_dag, task_id=format_to_parquet_task, execution_date=20220213T041206, start_date=20220213T041418, end_date=20220213T041423
[2022-02-13 04:14:23,570] {local_task_job.py:212} WARNING - State of this instance has been externally set to success. Terminating instance.
[2022-02-13 04:14:23,584] {process_utils.py:124} INFO - Sending Signals.SIGTERM to group 4072. PIDs of all processes in the group: [4072]
[2022-02-13 04:14:23,585] {process_utils.py:75} INFO - Sending the signal Signals.SIGTERM to group 4072
[2022-02-13 04:14:23,639] {process_utils.py:70} INFO - Process psutil.Process(pid=4072, status='terminated', exitcode=0, started='04:14:18') (4072) terminated with exit code 0
