[2022-02-13 05:35:29,685] {taskinstance.py:1032} INFO - Dependencies all met for <TaskInstance: data_ingestion_gcs_dag.bigquery_external_table_task manual__2022-02-13T05:32:50.479450+00:00 [queued]>
[2022-02-13 05:35:29,697] {taskinstance.py:1032} INFO - Dependencies all met for <TaskInstance: data_ingestion_gcs_dag.bigquery_external_table_task manual__2022-02-13T05:32:50.479450+00:00 [queued]>
[2022-02-13 05:35:29,698] {taskinstance.py:1238} INFO - 
--------------------------------------------------------------------------------
[2022-02-13 05:35:29,699] {taskinstance.py:1239} INFO - Starting attempt 1 of 2
[2022-02-13 05:35:29,700] {taskinstance.py:1240} INFO - 
--------------------------------------------------------------------------------
[2022-02-13 05:35:29,712] {taskinstance.py:1259} INFO - Executing <Task(BigQueryCreateExternalTableOperator): bigquery_external_table_task> on 2022-02-13 05:32:50.479450+00:00
[2022-02-13 05:35:29,718] {standard_task_runner.py:52} INFO - Started process 340 to run task
[2022-02-13 05:35:29,723] {standard_task_runner.py:76} INFO - Running: ['***', 'tasks', 'run', 'data_ingestion_gcs_dag', 'bigquery_external_table_task', 'manual__2022-02-13T05:32:50.479450+00:00', '--job-id', '34', '--raw', '--subdir', 'DAGS_FOLDER/data_ingestion_gcs_dag.py', '--cfg-path', '/tmp/tmpyp8n74m2', '--error-file', '/tmp/tmpqzi1gi9s']
[2022-02-13 05:35:29,728] {standard_task_runner.py:77} INFO - Job 34: Subtask bigquery_external_table_task
[2022-02-13 05:35:29,804] {logging_mixin.py:109} INFO - Running <TaskInstance: data_ingestion_gcs_dag.bigquery_external_table_task manual__2022-02-13T05:32:50.479450+00:00 [running]> on host b3b0a6764cf4
[2022-02-13 05:35:29,858] {taskinstance.py:1426} INFO - Exporting the following env vars:
AIRFLOW_CTX_DAG_OWNER=***
AIRFLOW_CTX_DAG_ID=data_ingestion_gcs_dag
AIRFLOW_CTX_TASK_ID=bigquery_external_table_task
AIRFLOW_CTX_EXECUTION_DATE=2022-02-13T05:32:50.479450+00:00
AIRFLOW_CTX_DAG_RUN_ID=manual__2022-02-13T05:32:50.479450+00:00
[2022-02-13 05:35:29,860] {crypto.py:82} WARNING - empty cryptography key - values will not be stored encrypted.
[2022-02-13 05:35:31,840] {taskinstance.py:1277} INFO - Marking task as SUCCESS. dag_id=data_ingestion_gcs_dag, task_id=bigquery_external_table_task, execution_date=20220213T053250, start_date=20220213T053529, end_date=20220213T053531
[2022-02-13 05:35:31,876] {local_task_job.py:154} INFO - Task exited with return code 0
[2022-02-13 05:35:31,910] {local_task_job.py:264} INFO - 0 downstream tasks scheduled from follow-on schedule check
